# Server version 0.08 running on 142.157.219.177:8123
# Game ID: 186
# Board class: hus.HusBoard
# Timeout: 2000
# First Move Timeout: 30000
# Date: Sun Apr 03 09:48:34 EDT 2016
# Player 1: Player-0, '260568170', running on localhost
# Player 2: Player-1, 'RandomHusPlayer', running on localhost
START Player-0 260568170
START Player-1 RandomHusPlayer
PIT 0 0
PIT 1 3
PIT 0 22
PIT 1 10
PIT 0 16
PIT 1 6
PIT 0 29
PIT 1 1
PIT 0 25
PIT 1 2
PIT 0 24
PIT 1 21
PIT 0 21
PIT 1 0
PIT 0 22
PIT 1 4
PIT 0 23
PIT 1 7
PIT 0 24
PIT 1 5
PIT 0 25
PIT 1 3
PIT 0 19
PIT 1 6
PIT 0 22
PIT 1 7
PIT 0 23
PIT 1 13
PIT 0 24
PIT 1 14
PIT 0 25
PIT 1 10
PIT 0 21
PIT 1 11
PIT 0 30
PIT 1 12
PIT 0 25
PIT 1 13
PIT 0 23
PIT 1 14
PIT 0 14
GAMEOVER WINNER 0
# Game ended: Sun Apr 03 09:48:37 EDT 2016
