# Server version 0.08 running on web099029.wireless.mcgill.ca:8123
# Game ID: 241
# Board class: hus.HusBoard
# Timeout: 2000
# First Move Timeout: 30000
# Date: Sun Apr 03 14:34:13 EDT 2016
# Player 1: Player-0, 'RandomHusPlayer', running on localhost
# Player 2: Player-1, '260568170', running on localhost
START Player-0 RandomHusPlayer
START Player-1 260568170
PIT 0 2
PIT 1 23
PIT 0 14
PIT 1 18
PIT 0 15
PIT 1 2
PIT 0 6
PIT 1 8
PIT 0 1
PIT 1 15
PIT 0 0
PIT 1 21
GAMEOVER WINNER 1
# Game ended: Sun Apr 03 14:34:14 EDT 2016
