# Server version 0.08 running on web099029.wireless.mcgill.ca:8123
# Game ID: 210
# Board class: hus.HusBoard
# Timeout: 2000
# First Move Timeout: 30000
# Date: Sun Apr 03 14:04:28 EDT 2016
# Player 1: Player-0, '260568170', running on localhost
# Player 2: Player-1, 'RandomHusPlayer', running on localhost
START Player-0 260568170
START Player-1 RandomHusPlayer
PIT 0 22
PIT 1 1
PIT 0 19
PIT 1 20
PIT 0 18
PIT 1 14
PIT 0 24
PIT 1 10
PIT 0 25
PIT 1 22
PIT 0 17
PIT 1 25
PIT 0 24
PIT 1 0
PIT 0 11
GAMEOVER WINNER 0
# Game ended: Sun Apr 03 14:04:32 EDT 2016
