# Server version 0.08 running on web099029.wireless.mcgill.ca:8123
# Game ID: 296
# Board class: hus.HusBoard
# Timeout: 2000
# First Move Timeout: 30000
# Date: Sun Apr 03 15:47:11 EDT 2016
# Player 1: Player-0, '260568170', running on localhost
# Player 2: Player-1, 'old', running on localhost
START Player-0 260568170
START Player-1 old
PIT 0 22
PIT 1 23
PIT 0 21
PIT 1 20
PIT 0 3
PIT 1 22
PIT 0 26
PIT 1 26
PIT 0 0
PIT 1 21
PIT 0 24
PIT 1 13
PIT 0 4
PIT 1 14
PIT 0 27
PIT 1 25
PIT 0 20
PIT 1 24
PIT 0 7
PIT 1 15
PIT 0 8
PIT 1 25
PIT 0 11
PIT 1 22
PIT 0 12
PIT 1 24
PIT 0 13
PIT 1 25
PIT 0 14
PIT 1 21
PIT 0 15
PIT 1 23
PIT 0 16
PIT 1 24
PIT 0 17
PIT 1 27
GAMEOVER WINNER 1
# Game ended: Sun Apr 03 15:47:17 EDT 2016
