# Server version 0.08 running on web099073.wireless.mcgill.ca:8123
# Game ID: 383
# Board class: hus.HusBoard
# Timeout: 2000
# First Move Timeout: 30000
# Date: Tue Apr 05 12:20:43 EDT 2016
# Player 1: Player-0, '260568170', running on localhost
# Player 2: Player-1, 'RandomHusPlayer', running on localhost
START Player-0 260568170
START Player-1 RandomHusPlayer
PIT 0 22
PIT 1 17
PIT 0 21
PIT 1 12
PIT 0 24
PIT 1 13
PIT 0 26
PIT 1 3
PIT 0 27
PIT 1 1
PIT 0 29
PIT 1 0
PIT 0 22
PIT 1 20
PIT 0 23
PIT 1 3
PIT 0 27
PIT 1 4
PIT 0 22
PIT 1 14
PIT 0 11
PIT 1 21
PIT 0 27
PIT 1 15
PIT 0 23
PIT 1 16
PIT 0 22
PIT 1 17
PIT 0 21
PIT 1 19
PIT 0 29
PIT 1 18
PIT 0 24
PIT 1 21
PIT 0 17
PIT 1 23
PIT 0 26
PIT 1 25
PIT 0 29
PIT 1 24
PIT 0 30
GAMEOVER WINNER 0
# Game ended: Tue Apr 05 12:20:46 EDT 2016
