# Server version 0.08 running on web099029.wireless.mcgill.ca:8123
# Game ID: 276
# Board class: hus.HusBoard
# Timeout: 2000
# First Move Timeout: 30000
# Date: Sun Apr 03 15:31:54 EDT 2016
# Player 1: Player-0, '260568170', running on localhost
# Player 2: Player-1, 'old', running on localhost
START Player-0 260568170
START Player-1 old
PIT 0 22
PIT 1 23
PIT 0 21
PIT 1 20
PIT 0 3
PIT 1 22
PIT 0 16
PIT 1 19
PIT 0 21
PIT 1 18
PIT 0 19
PIT 1 20
PIT 0 24
PIT 1 22
PIT 0 15
PIT 1 11
PIT 0 22
PIT 1 16
PIT 0 13
PIT 1 19
PIT 0 12
PIT 1 28
PIT 0 19
PIT 1 24
PIT 0 17
PIT 1 23
PIT 0 22
PIT 1 22
PIT 0 14
PIT 1 24
PIT 0 24
PIT 1 15
PIT 0 25
PIT 1 12
PIT 0 16
GAMEOVER WINNER 0
# Game ended: Sun Apr 03 15:32:05 EDT 2016
