# Server version 0.08 running on 142.157.219.142:8123
# Game ID: 128
# Board class: hus.HusBoard
# Timeout: 2000
# First Move Timeout: 30000
# Date: Sat Apr 02 23:08:28 EDT 2016
# Player 1: Player-0, '260568170', running on localhost
# Player 2: Player-1, 'RandomHusPlayer', running on localhost
START Player-0 260568170
START Player-1 RandomHusPlayer
PIT 0 0
PIT 1 0
PIT 0 22
PIT 1 3
PIT 0 25
PIT 1 16
PIT 0 21
PIT 1 4
PIT 0 23
PIT 1 24
PIT 0 24
PIT 1 5
PIT 0 15
PIT 1 27
PIT 0 1
PIT 1 15
PIT 0 9
PIT 1 8
PIT 0 31
PIT 1 1
PIT 0 25
PIT 1 9
PIT 0 24
PIT 1 17
PIT 0 25
PIT 1 16
PIT 0 22
PIT 1 18
PIT 0 24
PIT 1 20
PIT 0 5
PIT 1 22
PIT 0 21
GAMEOVER WINNER 0
# Game ended: Sat Apr 02 23:08:31 EDT 2016
