# Server version 0.08 running on wpa153047.wireless.mcgill.ca:8123
# Game ID: 417
# Board class: hus.HusBoard
# Timeout: 2000
# First Move Timeout: 30000
# Date: Wed Apr 06 10:31:15 EDT 2016
# Player 1: Player-0, '260568170', running on localhost
# Player 2: Player-1, 'RandomHusPlayer', running on localhost
START Player-0 260568170
START Player-1 RandomHusPlayer
PIT 0 22
PIT 1 5
PIT 0 18
PIT 1 2
PIT 0 19
PIT 1 1
PIT 0 14
PIT 1 12
PIT 0 26
PIT 1 5
PIT 0 29
PIT 1 0
PIT 0 28
PIT 1 15
PIT 0 27
PIT 1 7
PIT 0 23
PIT 1 8
PIT 0 20
PIT 1 10
PIT 0 25
PIT 1 11
PIT 0 22
PIT 1 17
PIT 0 27
PIT 1 18
PIT 0 23
PIT 1 19
PIT 0 15
PIT 1 20
PIT 0 31
GAMEOVER WINNER 0
# Game ended: Wed Apr 06 10:31:17 EDT 2016
