# Server version 0.08 running on 142.157.219.142:8123
# Game ID: 172
# Board class: hus.HusBoard
# Timeout: 2000
# First Move Timeout: 30000
# Date: Sun Apr 03 00:12:54 EDT 2016
# Player 1: Player-0, '260568170', running on localhost
# Player 2: Player-1, 'RandomHusPlayer', running on localhost
START Player-0 260568170
START Player-1 RandomHusPlayer
PIT 0 0
PIT 1 19
PIT 0 18
PIT 1 20
PIT 0 12
PIT 1 5
PIT 0 28
PIT 1 2
PIT 0 30
PIT 1 12
PIT 0 25
PIT 1 1
PIT 0 24
PIT 1 4
PIT 0 19
PIT 1 5
PIT 0 22
PIT 1 0
PIT 0 25
PIT 1 13
PIT 0 24
PIT 1 8
PIT 0 23
PIT 1 12
PIT 0 21
PIT 1 15
PIT 0 24
PIT 1 13
PIT 0 23
PIT 1 16
PIT 0 24
PIT 1 17
PIT 0 25
PIT 1 18
PIT 0 20
PIT 1 19
PIT 0 21
PIT 1 20
PIT 0 22
PIT 1 21
PIT 0 25
PIT 1 22
PIT 0 19
PIT 1 23
PIT 0 20
PIT 1 24
PIT 0 28
GAMEOVER WINNER 0
# Game ended: Sun Apr 03 00:12:56 EDT 2016
