# Server version 0.08 running on web099029.wireless.mcgill.ca:8123
# Game ID: 330
# Board class: hus.HusBoard
# Timeout: 2000
# First Move Timeout: 30000
# Date: Sun Apr 03 16:20:16 EDT 2016
# Player 1: Player-0, '260568170', running on localhost
# Player 2: Player-1, 'RandomHusPlayer', running on localhost
START Player-0 260568170
START Player-1 RandomHusPlayer
PIT 0 22
PIT 1 1
PIT 0 19
PIT 1 10
PIT 0 3
PIT 1 4
PIT 0 28
PIT 1 20
PIT 0 18
PIT 1 21
PIT 0 27
PIT 1 2
PIT 0 28
PIT 1 0
PIT 0 24
PIT 1 15
PIT 0 11
GAMEOVER WINNER 0
# Game ended: Sun Apr 03 16:20:17 EDT 2016
