# Server version 0.08 running on web099029.wireless.mcgill.ca:8123
# Game ID: 344
# Board class: hus.HusBoard
# Timeout: 2000
# First Move Timeout: 30000
# Date: Sun Apr 03 16:30:36 EDT 2016
# Player 1: Player-0, '260568170', running on localhost
# Player 2: Player-1, 'old', running on localhost
START Player-0 260568170
START Player-1 old
PIT 0 6
PIT 1 8
PIT 0 5
PIT 1 12
PIT 0 21
PIT 1 21
PIT 0 25
PIT 1 25
PIT 0 24
PIT 1 18
PIT 0 19
PIT 1 24
PIT 0 18
PIT 1 19
PIT 0 28
PIT 1 7
PIT 0 24
PIT 1 21
PIT 0 28
PIT 1 0
PIT 0 26
PIT 1 1
PIT 0 23
PIT 1 5
PIT 0 28
PIT 1 3
PIT 0 24
PIT 1 6
PIT 0 21
PIT 1 7
PIT 0 14
GAMEOVER WINNER 0
# Game ended: Sun Apr 03 16:30:46 EDT 2016
