# Server version 0.08 running on wpa153047.wireless.mcgill.ca:8123
# Game ID: 413
# Board class: hus.HusBoard
# Timeout: 2000
# First Move Timeout: 30000
# Date: Wed Apr 06 10:23:49 EDT 2016
# Player 1: Player-0, '260568170', running on localhost
# Player 2: Player-1, 'RandomHusPlayer', running on localhost
START Player-0 260568170
START Player-1 RandomHusPlayer
PIT 0 22
PIT 1 21
PIT 0 19
PIT 1 18
PIT 0 20
PIT 1 15
PIT 0 13
PIT 1 12
PIT 0 10
PIT 1 1
PIT 0 19
PIT 1 22
PIT 0 22
PIT 1 0
PIT 0 27
PIT 1 25
PIT 0 29
PIT 1 4
PIT 0 21
PIT 1 6
PIT 0 7
GAMEOVER WINNER 0
# Game ended: Wed Apr 06 10:23:54 EDT 2016
