# Server version 0.08 running on 142.157.219.142:8123
# Game ID: 65
# Board class: hus.HusBoard
# Timeout: 2000
# First Move Timeout: 30000
# Date: Sat Apr 02 22:16:32 EDT 2016
# Player 1: Player-0, 'RandomHusPlayer', running on localhost
# Player 2: Player-1, '260568170', running on localhost
START Player-0 RandomHusPlayer
START Player-1 260568170
PIT 0 5
PIT 1 8
PIT 0 9
PIT 1 21
PIT 0 21
PIT 1 11
PIT 0 14
PIT 1 25
PIT 0 0
PIT 1 28
PIT 0 3
PIT 1 17
PIT 0 18
PIT 1 27
PIT 0 24
PIT 1 24
PIT 0 1
PIT 1 31
GAMEOVER WINNER 1
# Game ended: Sat Apr 02 22:16:35 EDT 2016
