# Server version 0.08 running on wpa152248.wireless.mcgill.ca:8123
# Game ID: 16
# Board class: hus.HusBoard
# Timeout: 2000
# First Move Timeout: 30000
# Date: Tue Mar 29 17:03:22 EDT 2016
# Player 1: Player-0, 'RandomHusPlayer', running on localhost
# Player 2: Player-1, '260568170', running on localhost
START Player-0 RandomHusPlayer
START Player-1 260568170
PIT 0 14
PIT 1 5
PIT 0 17
PIT 1 11
PIT 0 7
PIT 1 9
PIT 0 24
PIT 1 17
PIT 0 29
PIT 1 26
PIT 0 28
PIT 1 24
PIT 0 30
PIT 1 22
PIT 0 7
PIT 1 31
PIT 0 8
PIT 1 25
PIT 0 10
PIT 1 21
PIT 0 11
PIT 1 24
PIT 0 9
PIT 1 25
PIT 0 2
PIT 1 23
PIT 0 27
PIT 1 8
PIT 0 11
PIT 1 22
PIT 0 4
PIT 1 23
PIT 0 5
PIT 1 21
PIT 0 29
PIT 1 20
PIT 0 9
PIT 1 22
PIT 0 30
PIT 1 24
PIT 0 6
PIT 1 23
PIT 0 13
PIT 1 21
PIT 0 11
PIT 1 27
GAMEOVER WINNER 1
# Game ended: Tue Mar 29 17:03:23 EDT 2016
