# Server version 0.08 running on wpa152248.wireless.mcgill.ca:8123
# Game ID: 33
# Board class: hus.HusBoard
# Timeout: 2000
# First Move Timeout: 30000
# Date: Tue Mar 29 17:06:15 EDT 2016
# Player 1: Player-0, '260568170', running on wpa152248.wireless.mcgill.ca
# Player 2: Player-1, 'RandomHusPlayer', running on wpa152248.wireless.mcgill.ca
START Player-0 260568170
START Player-1 RandomHusPlayer
PIT 0 18
PIT 1 5
PIT 0 19
PIT 1 11
PIT 0 24
PIT 1 12
PIT 0 15
PIT 1 15
PIT 0 21
PIT 1 8
PIT 0 19
PIT 1 1
PIT 0 18
PIT 1 0
PIT 0 14
PIT 1 4
PIT 0 27
GAMEOVER WINNER 0
# Game ended: Tue Mar 29 17:06:20 EDT 2016
