# Server version 0.08 running on wpa152248.wireless.mcgill.ca:8123
# Game ID: 36
# Board class: hus.HusBoard
# Timeout: 2000
# First Move Timeout: 30000
# Date: Tue Mar 29 17:06:38 EDT 2016
# Player 1: Player-0, '260568170', running on localhost
# Player 2: Player-1, 'RandomHusPlayer', running on localhost
START Player-0 260568170
START Player-1 RandomHusPlayer
PIT 0 18
PIT 1 2
PIT 0 19
PIT 1 15
PIT 0 24
PIT 1 18
PIT 0 22
PIT 1 14
PIT 0 23
PIT 1 23
PIT 0 16
PIT 1 1
PIT 0 18
PIT 1 17
PIT 0 23
PIT 1 24
PIT 0 12
PIT 1 0
PIT 0 21
PIT 1 8
PIT 0 17
GAMEOVER WINNER 0
# Game ended: Tue Mar 29 17:06:41 EDT 2016
