# Server version 0.08 running on wpa153047.wireless.mcgill.ca:8123
# Game ID: 400
# Board class: hus.HusBoard
# Timeout: 2000
# First Move Timeout: 30000
# Date: Wed Apr 06 10:05:30 EDT 2016
# Player 1: Player-0, '260568170', running on localhost
# Player 2: Player-1, 'RandomHusPlayer', running on localhost
START Player-0 260568170
START Player-1 RandomHusPlayer
PIT 0 22
PIT 1 11
PIT 0 21
PIT 1 10
PIT 0 24
PIT 1 9
PIT 0 20
PIT 1 17
PIT 0 15
PIT 1 3
PIT 0 25
PIT 1 16
PIT 0 27
PIT 1 0
PIT 0 29
PIT 1 1
PIT 0 26
PIT 1 20
PIT 0 21
PIT 1 6
PIT 0 24
PIT 1 22
PIT 0 20
PIT 1 3
PIT 0 15
GAMEOVER WINNER 0
# Game ended: Wed Apr 06 10:05:35 EDT 2016
