# Server version 0.08 running on web099029.wireless.mcgill.ca:8123
# Game ID: 247
# Board class: hus.HusBoard
# Timeout: 2000
# First Move Timeout: 30000
# Date: Sun Apr 03 14:45:49 EDT 2016
# Player 1: Player-0, 'RandomHusPlayer', running on localhost
# Player 2: Player-1, '260568170', running on localhost
START Player-0 RandomHusPlayer
START Player-1 260568170
PIT 0 11
PIT 1 6
PIT 0 14
PIT 1 18
PIT 0 2
PIT 1 9
PIT 0 1
PIT 1 19
PIT 0 5
PIT 1 27
PIT 0 8
PIT 1 25
PIT 0 21
PIT 1 21
PIT 0 11
PIT 1 25
PIT 0 0
PIT 1 29
PIT 0 14
PIT 1 24
GAMEOVER WINNER 1
# Game ended: Sun Apr 03 14:45:51 EDT 2016
