# Server version 0.08 running on 142.157.219.142:8123
# Game ID: 165
# Board class: hus.HusBoard
# Timeout: 2000
# First Move Timeout: 30000
# Date: Sat Apr 02 23:43:07 EDT 2016
# Player 1: Player-0, 'RandomHusPlayer', running on 142.157.219.142
# Player 2: Player-1, '260568170', running on 142.157.219.142
START Player-0 RandomHusPlayer
START Player-1 260568170
PIT 0 11
PIT 1 21
PIT 0 1
PIT 1 20
PIT 0 18
PIT 1 2
PIT 0 5
PIT 1 17
PIT 0 2
PIT 1 23
PIT 0 21
PIT 1 22
PIT 0 0
PIT 1 11
PIT 0 10
PIT 1 25
PIT 0 13
PIT 1 24
PIT 0 14
PIT 1 23
PIT 0 15
PIT 1 25
PIT 0 16
PIT 1 22
PIT 0 17
PIT 1 29
PIT 0 18
PIT 1 18
PIT 0 19
PIT 1 19
PIT 0 20
PIT 1 23
PIT 0 21
PIT 1 24
GAMEOVER WINNER 1
# Game ended: Sat Apr 02 23:43:21 EDT 2016
