# Server version 0.08 running on web099029.wireless.mcgill.ca:8123
# Game ID: 209
# Board class: hus.HusBoard
# Timeout: 2000
# First Move Timeout: 30000
# Date: Sun Apr 03 14:04:20 EDT 2016
# Player 1: Player-0, 'RandomHusPlayer', running on localhost
# Player 2: Player-1, '260568170', running on localhost
START Player-0 RandomHusPlayer
START Player-1 260568170
PIT 0 8
PIT 1 23
PIT 0 14
PIT 1 19
PIT 0 6
PIT 1 21
PIT 0 18
PIT 1 12
PIT 0 1
PIT 1 24
PIT 0 2
PIT 1 13
PIT 0 3
PIT 1 31
PIT 0 0
PIT 1 16
GAMEOVER WINNER 1
# Game ended: Sun Apr 03 14:04:23 EDT 2016
