# Server version 0.08 running on web099029.wireless.mcgill.ca:8123
# Game ID: 371
# Board class: hus.HusBoard
# Timeout: 2000
# First Move Timeout: 30000
# Date: Sun Apr 03 17:12:52 EDT 2016
# Player 1: Player-0, '260568170', running on localhost
# Player 2: Player-1, 'old', running on localhost
START Player-0 260568170
START Player-1 old
PIT 0 22
PIT 1 23
PIT 0 21
PIT 1 8
PIT 0 24
PIT 1 15
PIT 0 23
PIT 1 14
PIT 0 18
PIT 1 19
PIT 0 20
PIT 1 23
PIT 0 11
PIT 1 12
PIT 0 22
PIT 1 26
PIT 0 16
PIT 1 30
PIT 0 25
PIT 1 31
PIT 0 28
PIT 1 4
PIT 0 20
PIT 1 29
PIT 0 21
PIT 1 1
PIT 0 22
PIT 1 27
PIT 0 23
PIT 1 30
PIT 0 28
PIT 1 5
PIT 0 19
PIT 1 25
PIT 0 18
PIT 1 1
PIT 0 22
PIT 1 31
PIT 0 21
PIT 1 9
PIT 0 26
PIT 1 12
PIT 0 29
PIT 1 10
PIT 0 28
PIT 1 0
PIT 0 19
PIT 1 8
PIT 0 23
PIT 1 9
PIT 0 28
PIT 1 29
PIT 0 26
PIT 1 7
PIT 0 27
PIT 1 12
PIT 0 12
PIT 1 14
PIT 0 18
PIT 1 16
PIT 0 21
GAMEOVER WINNER 0
# Game ended: Sun Apr 03 17:13:03 EDT 2016
