# Server version 0.08 running on 142.157.219.177:8123
# Game ID: 188
# Board class: hus.HusBoard
# Timeout: 2000
# First Move Timeout: 30000
# Date: Sun Apr 03 09:54:52 EDT 2016
# Player 1: Player-0, '260568170', running on localhost
# Player 2: Player-1, 'RandomHusPlayer', running on localhost
START Player-0 260568170
START Player-1 RandomHusPlayer
PIT 0 0
PIT 1 3
PIT 0 22
PIT 1 4
PIT 0 24
PIT 1 15
PIT 0 28
PIT 1 18
PIT 0 6
PIT 1 12
PIT 0 27
PIT 1 1
PIT 0 25
PIT 1 21
PIT 0 30
PIT 1 6
PIT 0 18
PIT 1 20
PIT 0 14
PIT 1 13
PIT 0 23
PIT 1 23
PIT 0 24
PIT 1 2
PIT 0 22
PIT 1 24
PIT 0 31
PIT 1 8
PIT 0 30
GAMEOVER WINNER 0
# Game ended: Sun Apr 03 09:54:57 EDT 2016
