# Server version 0.08 running on 142.157.219.142:8123
# Game ID: 112
# Board class: hus.HusBoard
# Timeout: 2000
# First Move Timeout: 30000
# Date: Sat Apr 02 22:57:58 EDT 2016
# Player 1: Player-0, '260568170', running on localhost
# Player 2: Player-1, 'RandomHusPlayer', running on localhost
START Player-0 260568170
START Player-1 RandomHusPlayer
PIT 0 0
PIT 1 23
PIT 0 15
PIT 1 2
PIT 0 16
PIT 1 0
PIT 0 19
PIT 1 3
PIT 0 25
PIT 1 15
PIT 0 7
PIT 1 5
PIT 0 31
PIT 1 1
PIT 0 25
PIT 1 2
PIT 0 23
PIT 1 3
PIT 0 25
PIT 1 10
PIT 0 22
PIT 1 11
PIT 0 30
PIT 1 4
PIT 0 31
PIT 1 12
PIT 0 23
PIT 1 14
PIT 0 25
PIT 1 17
PIT 0 21
PIT 1 18
PIT 0 26
PIT 1 13
PIT 0 1
GAMEOVER WINNER 0
# Game ended: Sat Apr 02 22:58:01 EDT 2016
