# Server version 0.08 running on web099029.wireless.mcgill.ca:8123
# Game ID: 350
# Board class: hus.HusBoard
# Timeout: 2000
# First Move Timeout: 30000
# Date: Sun Apr 03 16:33:01 EDT 2016
# Player 1: Player-0, '260568170', running on localhost
# Player 2: Player-1, 'old', running on localhost
START Player-0 260568170
START Player-1 old
PIT 0 9
PIT 1 8
PIT 0 8
PIT 1 12
PIT 0 7
PIT 1 20
PIT 0 22
PIT 1 14
PIT 0 26
PIT 1 7
PIT 0 28
PIT 1 17
PIT 0 12
PIT 1 22
PIT 0 29
PIT 1 24
PIT 0 30
PIT 1 25
PIT 0 14
PIT 1 24
PIT 0 5
PIT 1 23
PIT 0 9
PIT 1 8
PIT 0 10
PIT 1 25
PIT 0 11
PIT 1 24
PIT 0 12
PIT 1 25
PIT 0 13
PIT 1 20
PIT 0 7
PIT 1 25
PIT 0 14
PIT 1 29
GAMEOVER WINNER 1
# Game ended: Sun Apr 03 16:33:14 EDT 2016
