# Server version 0.08 running on web099029.wireless.mcgill.ca:8123
# Game ID: 362
# Board class: hus.HusBoard
# Timeout: 2000
# First Move Timeout: 30000
# Date: Sun Apr 03 17:00:42 EDT 2016
# Player 1: Player-0, 'old', running on localhost
# Player 2: Player-1, '260568170', running on localhost
START Player-0 old
START Player-1 260568170
PIT 0 23
PIT 1 3
PIT 0 19
PIT 1 13
PIT 0 24
PIT 1 18
PIT 0 23
PIT 1 15
PIT 0 25
PIT 1 12
PIT 0 24
PIT 1 0
PIT 0 29
PIT 1 7
PIT 0 17
PIT 1 1
PIT 0 25
PIT 1 3
PIT 0 22
PIT 1 9
PIT 0 24
PIT 1 10
PIT 0 23
PIT 1 12
PIT 0 27
PIT 1 7
PIT 0 22
GAMEOVER WINNER 0
# Game ended: Sun Apr 03 17:01:04 EDT 2016
