# Server version 0.08 running on web099029.wireless.mcgill.ca:8123
# Game ID: 345
# Board class: hus.HusBoard
# Timeout: 2000
# First Move Timeout: 30000
# Date: Sun Apr 03 16:30:47 EDT 2016
# Player 1: Player-0, 'old', running on localhost
# Player 2: Player-1, '260568170', running on localhost
START Player-0 old
START Player-1 260568170
PIT 0 23
PIT 1 6
PIT 0 20
PIT 1 15
PIT 0 5
PIT 1 10
PIT 0 22
PIT 1 20
PIT 0 14
PIT 1 12
PIT 0 23
PIT 1 3
PIT 0 25
PIT 1 23
PIT 0 15
PIT 1 22
PIT 0 17
PIT 1 26
PIT 0 16
PIT 1 28
PIT 0 18
PIT 1 30
PIT 0 24
PIT 1 31
PIT 0 26
PIT 1 9
PIT 0 28
PIT 1 2
PIT 0 23
PIT 1 27
PIT 0 25
PIT 1 5
PIT 0 21
PIT 1 6
PIT 0 24
PIT 1 11
PIT 0 25
PIT 1 7
PIT 0 22
PIT 1 14
PIT 0 23
PIT 1 15
PIT 0 24
PIT 1 16
PIT 0 25
GAMEOVER WINNER 0
# Game ended: Sun Apr 03 16:30:59 EDT 2016
