# Server version 0.08 running on wpa153047.wireless.mcgill.ca:8123
# Game ID: 397
# Board class: hus.HusBoard
# Timeout: 2000
# First Move Timeout: 30000
# Date: Wed Apr 06 10:02:56 EDT 2016
# Player 1: Player-0, '260568170', running on wpa153047.wireless.mcgill.ca
# Player 2: Player-1, 'RandomHusPlayer', running on wpa153047.wireless.mcgill.ca
START Player-0 260568170
START Player-1 RandomHusPlayer
PIT 0 22
PIT 1 12
PIT 0 21
PIT 1 18
PIT 0 20
PIT 1 13
PIT 0 19
PIT 1 16
PIT 0 9
PIT 1 0
PIT 0 28
PIT 1 3
PIT 0 26
PIT 1 1
PIT 0 27
PIT 1 15
PIT 0 24
PIT 1 5
PIT 0 21
PIT 1 20
PIT 0 29
PIT 1 21
PIT 0 23
PIT 1 6
PIT 0 17
PIT 1 7
PIT 0 30
GAMEOVER WINNER 0
# Game ended: Wed Apr 06 10:03:03 EDT 2016
