# Server version 0.08 running on wpa152248.wireless.mcgill.ca:8123
# Game ID: 6
# Board class: hus.HusBoard
# Timeout: 2000
# First Move Timeout: 30000
# Date: Tue Mar 29 17:00:10 EDT 2016
# Player 1: Player-0, 'RandomHusPlayer', running on localhost
# Player 2: Player-1, '260568170', running on localhost
START Player-0 RandomHusPlayer
START Player-1 260568170
PIT 0 6
PIT 1 6
PIT 0 21
PIT 1 15
PIT 0 1
PIT 1 16
PIT 0 12
PIT 1 1
PIT 0 19
PIT 1 23
PIT 0 7
PIT 1 20
GAMEOVER WINNER 1
# Game ended: Tue Mar 29 17:00:11 EDT 2016
