# Server version 0.08 running on wpa152248.wireless.mcgill.ca:8123
# Game ID: 15
# Board class: hus.HusBoard
# Timeout: 2000
# First Move Timeout: 30000
# Date: Tue Mar 29 17:03:20 EDT 2016
# Player 1: Player-0, '260568170', running on localhost
# Player 2: Player-1, 'RandomHusPlayer', running on localhost
START Player-0 260568170
START Player-1 RandomHusPlayer
PIT 0 22
PIT 1 0
PIT 0 21
PIT 1 3
PIT 0 24
PIT 1 19
PIT 0 23
PIT 1 1
PIT 0 28
PIT 1 25
PIT 0 18
PIT 1 12
PIT 0 26
PIT 1 14
PIT 0 20
GAMEOVER WINNER 0
# Game ended: Tue Mar 29 17:03:21 EDT 2016
