# Server version 0.08 running on wpa153047.wireless.mcgill.ca:8123
# Game ID: 390
# Board class: hus.HusBoard
# Timeout: 2000
# First Move Timeout: 30000
# Date: Wed Apr 06 10:00:56 EDT 2016
# Player 1: Player-0, 'RandomHusPlayer', running on localhost
# Player 2: Player-1, '260568170', running on localhost
START Player-0 RandomHusPlayer
START Player-1 260568170
PIT 0 0
PIT 1 20
PIT 0 3
PIT 1 13
PIT 0 1
PIT 1 21
PIT 0 21
PIT 1 27
PIT 0 15
PIT 1 28
PIT 0 17
PIT 1 23
PIT 0 20
PIT 1 20
PIT 0 11
PIT 1 16
PIT 0 22
PIT 1 28
PIT 0 23
PIT 1 27
PIT 0 24
PIT 1 21
PIT 0 25
PIT 1 19
PIT 0 26
PIT 1 27
PIT 0 27
PIT 1 16
GAMEOVER WINNER 1
# Game ended: Wed Apr 06 10:00:57 EDT 2016
