# Server version 0.08 running on web099029.wireless.mcgill.ca:8123
# Game ID: 201
# Board class: hus.HusBoard
# Timeout: 2000
# First Move Timeout: 30000
# Date: Sun Apr 03 13:58:40 EDT 2016
# Player 1: Player-0, '260568170', running on web099029.wireless.mcgill.ca
# Player 2: Player-1, 'RandomHusPlayer', running on web099029.wireless.mcgill.ca
START Player-0 260568170
START Player-1 RandomHusPlayer
PIT 0 23
PIT 1 0
PIT 0 17
PIT 1 18
PIT 0 13
PIT 1 22
PIT 0 24
PIT 1 24
PIT 0 22
PIT 1 0
PIT 0 26
PIT 1 7
PIT 0 29
PIT 1 23
PIT 0 23
PIT 1 1
PIT 0 14
PIT 1 28
PIT 0 17
PIT 1 10
PIT 0 28
PIT 1 8
PIT 0 29
PIT 1 6
PIT 0 1
PIT 1 29
PIT 0 13
PIT 1 7
PIT 0 7
PIT 1 27
PIT 0 8
PIT 1 2
PIT 0 13
PIT 1 7
PIT 0 18
PIT 1 15
PIT 0 24
PIT 1 18
PIT 0 9
PIT 1 4
PIT 0 17
PIT 1 13
PIT 0 24
PIT 1 0
PIT 0 19
GAMEOVER WINNER 0
# Game ended: Sun Apr 03 13:59:13 EDT 2016
