# Server version 0.08 running on 142.157.219.142:8123
# Game ID: 101
# Board class: hus.HusBoard
# Timeout: 2000
# First Move Timeout: 30000
# Date: Sat Apr 02 22:52:11 EDT 2016
# Player 1: Player-0, 'RandomHusPlayer', running on localhost
# Player 2: Player-1, '260568170', running on localhost
START Player-0 RandomHusPlayer
START Player-1 260568170
PIT 0 5
PIT 1 8
PIT 0 17
PIT 1 21
PIT 0 6
PIT 1 20
PIT 0 3
PIT 1 14
PIT 0 25
PIT 1 5
PIT 0 15
PIT 1 25
PIT 0 27
PIT 1 24
PIT 0 11
PIT 1 19
GAMEOVER WINNER 1
# Game ended: Sat Apr 02 22:52:13 EDT 2016
