# Server version 0.08 running on 142.157.219.142:8123
# Game ID: 81
# Board class: hus.HusBoard
# Timeout: 2000
# First Move Timeout: 30000
# Date: Sat Apr 02 22:31:47 EDT 2016
# Player 1: Player-0, '260568170', running on localhost
# Player 2: Player-1, 'RandomHusPlayer', running on localhost
START Player-0 260568170
START Player-1 RandomHusPlayer
PIT 0 17
PIT 1 19
PIT 0 20
PIT 1 9
PIT 0 1
PIT 1 15
PIT 0 21
PIT 1 24
PIT 0 27
PIT 1 2
PIT 0 29
PIT 1 0
PIT 0 24
PIT 1 5
PIT 0 25
PIT 1 1
PIT 0 31
PIT 1 22
PIT 0 23
PIT 1 26
PIT 0 25
PIT 1 3
PIT 0 24
PIT 1 2
PIT 0 31
PIT 1 8
PIT 0 23
PIT 1 23
PIT 0 24
PIT 1 9
PIT 0 30
PIT 1 12
PIT 0 25
PIT 1 13
PIT 0 21
PIT 1 24
PIT 0 20
PIT 1 25
PIT 0 24
PIT 1 26
PIT 0 27
PIT 1 14
PIT 0 30
PIT 1 27
PIT 0 28
PIT 1 28
PIT 0 31
PIT 1 29
PIT 0 1
GAMEOVER WINNER 0
# Game ended: Sat Apr 02 22:31:51 EDT 2016
