# Server version 0.08 running on 142.157.219.142:8123
# Game ID: 64
# Board class: hus.HusBoard
# Timeout: 2000
# First Move Timeout: 30000
# Date: Sat Apr 02 22:16:27 EDT 2016
# Player 1: Player-0, '260568170', running on localhost
# Player 2: Player-1, 'RandomHusPlayer', running on localhost
START Player-0 260568170
START Player-1 RandomHusPlayer
PIT 0 18
PIT 1 15
PIT 0 21
PIT 1 19
PIT 0 2
PIT 1 1
PIT 0 23
PIT 1 13
PIT 0 29
PIT 1 8
PIT 0 17
PIT 1 7
PIT 0 31
PIT 1 0
PIT 0 25
PIT 1 12
PIT 0 26
PIT 1 5
PIT 0 24
PIT 1 24
PIT 0 21
PIT 1 6
PIT 0 22
PIT 1 3
PIT 0 29
PIT 1 4
PIT 0 25
PIT 1 7
PIT 0 28
GAMEOVER WINNER 0
# Game ended: Sat Apr 02 22:16:31 EDT 2016
