# Server version 0.08 running on web099029.wireless.mcgill.ca:8123
# Game ID: 282
# Board class: hus.HusBoard
# Timeout: 2000
# First Move Timeout: 30000
# Date: Sun Apr 03 15:35:56 EDT 2016
# Player 1: Player-0, '260568170', running on localhost
# Player 2: Player-1, 'old', running on localhost
START Player-0 260568170
START Player-1 old
PIT 0 22
PIT 1 23
PIT 0 21
PIT 1 20
PIT 0 3
PIT 1 22
PIT 0 26
PIT 1 26
PIT 0 27
PIT 1 21
PIT 0 1
PIT 1 13
PIT 0 10
PIT 1 27
PIT 0 7
PIT 1 31
PIT 0 4
PIT 1 23
PIT 0 0
PIT 1 25
PIT 0 24
PIT 1 17
GAMEOVER WINNER 1
# Game ended: Sun Apr 03 15:36:04 EDT 2016
