# Server version 0.08 running on 142.157.219.142:8123
# Game ID: 58
# Board class: hus.HusBoard
# Timeout: 2000
# First Move Timeout: 30000
# Date: Sat Apr 02 21:54:58 EDT 2016
# Player 1: Player-0, '260568170', running on localhost
# Player 2: Player-1, 'RandomHusPlayer', running on localhost
START Player-0 260568170
START Player-1 RandomHusPlayer
PIT 0 18
PIT 1 10
PIT 0 21
PIT 1 13
PIT 0 11
PIT 1 17
PIT 0 15
PIT 1 9
PIT 0 25
PIT 1 1
PIT 0 27
PIT 1 20
PIT 0 7
PIT 1 2
PIT 0 17
PIT 1 0
PIT 0 31
PIT 1 4
PIT 0 17
GAMEOVER WINNER 0
# Game ended: Sat Apr 02 21:55:05 EDT 2016
