# Server version 0.08 running on wpa152248.wireless.mcgill.ca:8123
# Game ID: 9
# Board class: hus.HusBoard
# Timeout: 2000
# First Move Timeout: 30000
# Date: Tue Mar 29 17:00:20 EDT 2016
# Player 1: Player-0, '260568170', running on localhost
# Player 2: Player-1, 'RandomHusPlayer', running on localhost
START Player-0 260568170
START Player-1 RandomHusPlayer
PIT 0 22
PIT 1 21
PIT 0 4
PIT 1 22
PIT 0 16
PIT 1 1
PIT 0 20
PIT 1 17
PIT 0 24
PIT 1 16
PIT 0 23
PIT 1 4
PIT 0 30
PIT 1 20
PIT 0 14
PIT 1 14
PIT 0 23
PIT 1 11
PIT 0 25
PIT 1 17
PIT 0 27
PIT 1 2
PIT 0 24
PIT 1 0
PIT 0 22
GAMEOVER WINNER 0
# Game ended: Tue Mar 29 17:00:21 EDT 2016
