# Server version 0.08 running on 142.157.219.142:8123
# Game ID: 95
# Board class: hus.HusBoard
# Timeout: 2000
# First Move Timeout: 30000
# Date: Sat Apr 02 22:47:43 EDT 2016
# Player 1: Player-0, 'RandomHusPlayer', running on localhost
# Player 2: Player-1, '260568170', running on localhost
START Player-0 RandomHusPlayer
START Player-1 260568170
PIT 0 10
PIT 1 23
PIT 0 13
PIT 1 5
PIT 0 4
PIT 1 21
PIT 0 19
PIT 1 23
PIT 0 11
PIT 1 25
PIT 0 1
PIT 1 24
PIT 0 5
PIT 1 22
PIT 0 2
PIT 1 20
PIT 0 7
PIT 1 18
PIT 0 4
PIT 1 24
PIT 0 0
PIT 1 25
PIT 0 9
PIT 1 21
PIT 0 5
PIT 1 23
PIT 0 10
PIT 1 24
PIT 0 8
PIT 1 25
PIT 0 11
PIT 1 22
PIT 0 9
PIT 1 20
PIT 0 10
PIT 1 18
PIT 0 11
PIT 1 19
PIT 0 16
PIT 1 20
PIT 0 17
PIT 1 23
PIT 0 18
PIT 1 21
PIT 0 21
PIT 1 24
PIT 0 22
PIT 1 25
PIT 0 23
PIT 1 22
PIT 0 24
PIT 1 23
PIT 0 25
PIT 1 24
PIT 0 26
PIT 1 23
PIT 0 27
PIT 1 30
PIT 0 28
PIT 1 15
GAMEOVER WINNER 1
# Game ended: Sat Apr 02 22:47:46 EDT 2016
