# Server version 0.08 running on 142.157.219.142:8123
# Game ID: 73
# Board class: hus.HusBoard
# Timeout: 2000
# First Move Timeout: 30000
# Date: Sat Apr 02 22:27:53 EDT 2016
# Player 1: Player-0, '260568170', running on localhost
# Player 2: Player-1, 'RandomHusPlayer', running on localhost
START Player-0 260568170
START Player-1 RandomHusPlayer
PIT 0 0
PIT 1 0
PIT 0 22
PIT 1 6
PIT 0 26
PIT 1 7
PIT 0 29
PIT 1 1
PIT 0 18
PIT 1 18
PIT 0 24
PIT 1 9
PIT 0 23
PIT 1 3
PIT 0 22
PIT 1 6
PIT 0 28
GAMEOVER WINNER 0
# Game ended: Sat Apr 02 22:27:56 EDT 2016
