# Server version 0.08 running on wpa152248.wireless.mcgill.ca:8123
# Game ID: 27
# Board class: hus.HusBoard
# Timeout: 2000
# First Move Timeout: 30000
# Date: Tue Mar 29 17:04:24 EDT 2016
# Player 1: Player-0, '260568170', running on localhost
# Player 2: Player-1, 'RandomHusPlayer', running on localhost
START Player-0 260568170
START Player-1 RandomHusPlayer
PIT 0 22
PIT 1 16
PIT 0 4
PIT 1 7
PIT 0 23
PIT 1 10
PIT 0 24
PIT 1 0
PIT 0 25
PIT 1 4
PIT 0 26
PIT 1 6
PIT 0 29
PIT 1 16
PIT 0 20
PIT 1 1
PIT 0 22
PIT 1 3
PIT 0 28
PIT 1 12
PIT 0 23
PIT 1 8
PIT 0 24
PIT 1 22
PIT 0 25
PIT 1 5
PIT 0 14
PIT 1 10
PIT 0 22
PIT 1 25
PIT 0 13
PIT 1 13
PIT 0 24
PIT 1 6
PIT 0 21
GAMEOVER WINNER 0
# Game ended: Tue Mar 29 17:04:28 EDT 2016
