# Server version 0.08 running on wpa152248.wireless.mcgill.ca:8123
# Game ID: 12
# Board class: hus.HusBoard
# Timeout: 2000
# First Move Timeout: 30000
# Date: Tue Mar 29 17:00:29 EDT 2016
# Player 1: Player-0, 'RandomHusPlayer', running on localhost
# Player 2: Player-1, '260568170', running on localhost
START Player-0 RandomHusPlayer
START Player-1 260568170
PIT 0 18
PIT 1 8
PIT 0 1
PIT 1 18
PIT 0 13
PIT 1 12
PIT 0 17
PIT 1 24
PIT 0 18
PIT 1 1
PIT 0 25
PIT 1 18
PIT 0 8
PIT 1 19
PIT 0 14
PIT 1 25
PIT 0 2
PIT 1 26
PIT 0 0
PIT 1 30
PIT 0 21
PIT 1 11
GAMEOVER WINNER 1
# Game ended: Tue Mar 29 17:00:29 EDT 2016
